#
# There is insufficient memory for the Java Runtime Environment to continue.
# Native memory allocation (malloc) failed to allocate 32744 bytes for ChunkPool::allocate
# Possible reasons:
#   The system is out of physical RAM or swap space
#   In 32 bit mode, the process size limit was hit
# Possible solutions:
#   Reduce memory load on the system
#   Increase physical memory or swap space
#   Check if swap backing store is full
#   Use 64 bit Java on a 64 bit OS
#   Decrease Java heap size (-Xmx/-Xms)
#   Decrease number of Java threads
#   Decrease Java thread stack sizes (-Xss)
#   Set larger code cache with -XX:ReservedCodeCacheSize=
# This output file may be truncated or incomplete.
#
#  Out of Memory Error (allocation.cpp:273), pid=4988, tid=3852
#
# JRE version: Java(TM) SE Runtime Environment (8.0_45-b14) (build 1.8.0_45-b14)
# Java VM: Java HotSpot(TM) 64-Bit Server VM (25.45-b02 mixed mode windows-amd64 compressed oops)
# Failed to write core dump. Minidumps are not enabled by default on client versions of Windows
#

---------------  T H R E A D  ---------------

Current thread (0x0000000016efa800):  JavaThread "C1 CompilerThread2" daemon [_thread_in_native, id=3852, stack(0x0000000018630000,0x0000000018730000)]

Stack: [0x0000000018630000,0x0000000018730000]
Native frames: (J=compiled Java code, j=interpreted, Vv=VM code, C=native code)
V  [jvm.dll+0x32b57a]
V  [jvm.dll+0x279873]
V  [jvm.dll+0x27a509]
V  [jvm.dll+0x271825]
V  [jvm.dll+0xcb804]
V  [jvm.dll+0xcba27]
V  [jvm.dll+0xcbeac]
V  [jvm.dll+0x270997]
V  [jvm.dll+0x270b65]
V  [jvm.dll+0x421f46]
V  [jvm.dll+0x427306]
V  [jvm.dll+0x405e70]
V  [jvm.dll+0x406240]
V  [jvm.dll+0x406372]
V  [jvm.dll+0x406541]
V  [jvm.dll+0x40674f]
V  [jvm.dll+0xa4352]
V  [jvm.dll+0xa4c8f]
V  [jvm.dll+0x241984]
V  [jvm.dll+0x29853a]
C  [msvcr100.dll+0x21d9f]
C  [msvcr100.dll+0x21e3b]
C  [KERNEL32.DLL+0x18102]
C  [ntdll.dll+0x5c2e4]


Current CompileTask:
C1:  12403  492   !   3       java.lang.ClassLoader::loadClass (122 bytes)


---------------  P R O C E S S  ---------------

Java Threads: ( => current thread )
  0x0000000016f0d800 JavaThread "Service Thread" daemon [_thread_blocked, id=10364, stack(0x0000000018b30000,0x0000000018c30000)]
=>0x0000000016efa800 JavaThread "C1 CompilerThread2" daemon [_thread_in_native, id=3852, stack(0x0000000018630000,0x0000000018730000)]
  0x0000000016eb9000 JavaThread "C2 CompilerThread1" daemon [_thread_blocked, id=5276, stack(0x0000000018530000,0x0000000018630000)]
  0x0000000016eae000 JavaThread "C2 CompilerThread0" daemon [_thread_blocked, id=12800, stack(0x0000000018430000,0x0000000018530000)]
  0x0000000016eac000 JavaThread "Attach Listener" daemon [_thread_blocked, id=12820, stack(0x0000000018330000,0x0000000018430000)]
  0x0000000016eab000 JavaThread "Signal Dispatcher" daemon [_thread_blocked, id=388, stack(0x0000000018230000,0x0000000018330000)]
  0x0000000002346000 JavaThread "Finalizer" daemon [_thread_blocked, id=12944, stack(0x0000000018130000,0x0000000018230000)]
  0x000000000233d000 JavaThread "Reference Handler" daemon [_thread_blocked, id=11548, stack(0x0000000018030000,0x0000000018130000)]
  0x000000000214d800 JavaThread "main" [_thread_in_native, id=7588, stack(0x0000000002150000,0x0000000002250000)]

Other Threads:
  0x0000000016e77800 VMThread [stack: 0x0000000017f30000,0x0000000018030000] [id=7392]
  0x0000000016f0e800 WatcherThread [stack: 0x0000000018c30000,0x0000000018d30000] [id=12896]

VM state:not at safepoint (normal execution)

VM Mutex/Monitor currently owned by a thread: None

Heap:
 PSYoungGen      total 683520K, used 492475K [0x00000000d5d00000, 0x00000000fff80000, 0x0000000100000000)
  eden space 676864K, 72% used [0x00000000d5d00000,0x00000000f3aa7168,0x00000000ff200000)
  from space 6656K, 50% used [0x00000000ff880000,0x00000000ffbc7b70,0x00000000fff00000)
  to   space 6656K, 0% used [0x00000000ff200000,0x00000000ff200000,0x00000000ff880000)
 ParOldGen       total 87552K, used 14378K [0x0000000081600000, 0x0000000086b80000, 0x00000000d5d00000)
  object space 87552K, 16% used [0x0000000081600000,0x000000008240abc8,0x0000000086b80000)
 Metaspace       used 5097K, capacity 5156K, committed 5248K, reserved 1056768K
  class space    used 569K, capacity 592K, committed 640K, reserved 1048576K

Card table byte_map: [0x0000000011710000,0x0000000011b10000] byte_map_base: 0x0000000011305000

Marking Bits: (ParMarkBitMap*) 0x0000000062cb4040
 Begin Bits: [0x00000000121c0000, 0x0000000014168000)
 End Bits:   [0x0000000014168000, 0x0000000016110000)

Polling page: 0x0000000000850000

CodeCache: size=245760Kb used=2739Kb max_used=2749Kb free=243020Kb
 bounds [0x0000000002350000, 0x0000000002610000, 0x0000000011350000]
 total_blobs=756 nmethods=492 adapters=177
 compilation: enabled

Compilation events (10 events):
Event: 9.716 Thread 0x0000000016efa800  488       3       sun.util.calendar.BaseCalendar::isLeapYear (5 bytes)
Event: 9.716 Thread 0x0000000016efa800 nmethod 488 0x00000000025f8790 code [0x00000000025f8900, 0x00000000025f8bf0]
Event: 9.716 Thread 0x0000000016efa800  489       3       sun.util.calendar.CalendarUtils::isGregorianLeapYear (27 bytes)
Event: 9.717 Thread 0x0000000016efa800 nmethod 489 0x00000000025f8d10 code [0x00000000025f8e80, 0x00000000025f90f0]
Event: 10.153 Thread 0x0000000016efa800  490   !   3       java.net.URL::<init> (543 bytes)
Event: 10.155 Thread 0x0000000016efa800 nmethod 490 0x00000000025f91d0 code [0x00000000025f96a0, 0x00000000025fc738]
Event: 10.155 Thread 0x0000000016efa800  491       3       java.io.File::exists (43 bytes)
Event: 10.155 Thread 0x0000000016efa800 nmethod 491 0x00000000025feb10 code [0x00000000025feca0, 0x00000000025ff128]
Event: 10.374 Thread 0x0000000016efa800  492   !   3       java.lang.ClassLoader::loadClass (122 bytes)
Event: 10.374 Thread 0x0000000016eae000  496       4       java.util.concurrent.ConcurrentHashMap::setTabAt (19 bytes)

GC Heap History (10 events):
Event: 0.885 GC heap before
{Heap before GC invocations=8 (full 0):
 PSYoungGen      total 137216K, used 136598K [0x00000000d5d00000, 0x00000000e6a00000, 0x0000000100000000)
  eden space 132608K, 100% used [0x00000000d5d00000,0x00000000dde80000,0x00000000dde80000)
  from space 4608K, 86% used [0x00000000dde80000,0x00000000de265ba8,0x00000000de300000)
  to   space 5120K, 0% used [0x00000000e6500000,0x00000000e6500000,0x00000000e6a00000)
 ParOldGen       total 87552K, used 2044K [0x0000000081600000, 0x0000000086b80000, 0x00000000d5d00000)
  object space 87552K, 2% used [0x0000000081600000,0x00000000817ff0e0,0x0000000086b80000)
 Metaspace       used 4066K, capacity 4704K, committed 4992K, reserved 1056768K
  class space    used 468K, capacity 528K, committed 640K, reserved 1048576K
Event: 0.891 GC heap after
Heap after GC invocations=8 (full 0):
 PSYoungGen      total 269824K, used 4658K [0x00000000d5d00000, 0x00000000e6b00000, 0x0000000100000000)
  eden space 264704K, 0% used [0x00000000d5d00000,0x00000000d5d00000,0x00000000e5f80000)
  from space 5120K, 90% used [0x00000000e6500000,0x00000000e698c970,0x00000000e6a00000)
  to   space 5632K, 0% used [0x00000000e5f80000,0x00000000e5f80000,0x00000000e6500000)
 ParOldGen       total 87552K, used 3028K [0x0000000081600000, 0x0000000086b80000, 0x00000000d5d00000)
  object space 87552K, 3% used [0x0000000081600000,0x00000000818f50e0,0x0000000086b80000)
 Metaspace       used 4066K, capacity 4704K, committed 4992K, reserved 1056768K
  class space    used 468K, capacity 528K, committed 640K, reserved 1048576K
}
Event: 1.737 GC heap before
{Heap before GC invocations=9 (full 0):
 PSYoungGen      total 269824K, used 269362K [0x00000000d5d00000, 0x00000000e6b00000, 0x0000000100000000)
  eden space 264704K, 100% used [0x00000000d5d00000,0x00000000e5f80000,0x00000000e5f80000)
  from space 5120K, 90% used [0x00000000e6500000,0x00000000e698c970,0x00000000e6a00000)
  to   space 5632K, 0% used [0x00000000e5f80000,0x00000000e5f80000,0x00000000e6500000)
 ParOldGen       total 87552K, used 3028K [0x0000000081600000, 0x0000000086b80000, 0x00000000d5d00000)
  object space 87552K, 3% used [0x0000000081600000,0x00000000818f50e0,0x0000000086b80000)
 Metaspace       used 4169K, capacity 4768K, committed 4992K, reserved 1056768K
  class space    used 473K, capacity 528K, committed 640K, reserved 1048576K
Event: 1.754 GC heap after
Heap after GC invocations=9 (full 0):
 PSYoungGen      total 270336K, used 5618K [0x00000000d5d00000, 0x00000000f0900000, 0x0000000100000000)
  eden space 264704K, 0% used [0x00000000d5d00000,0x00000000d5d00000,0x00000000e5f80000)
  from space 5632K, 99% used [0x00000000e5f80000,0x00000000e64fc970,0x00000000e6500000)
  to   space 7168K, 0% used [0x00000000f0200000,0x00000000f0200000,0x00000000f0900000)
 ParOldGen       total 87552K, used 4748K [0x0000000081600000, 0x0000000086b80000, 0x00000000d5d00000)
  object space 87552K, 5% used [0x0000000081600000,0x0000000081aa30e0,0x0000000086b80000)
 Metaspace       used 4169K, capacity 4768K, committed 4992K, reserved 1056768K
  class space    used 473K, capacity 528K, committed 640K, reserved 1048576K
}
Event: 2.039 GC heap before
{Heap before GC invocations=10 (full 0):
 PSYoungGen      total 270336K, used 270322K [0x00000000d5d00000, 0x00000000f0900000, 0x0000000100000000)
  eden space 264704K, 100% used [0x00000000d5d00000,0x00000000e5f80000,0x00000000e5f80000)
  from space 5632K, 99% used [0x00000000e5f80000,0x00000000e64fc970,0x00000000e6500000)
  to   space 7168K, 0% used [0x00000000f0200000,0x00000000f0200000,0x00000000f0900000)
 ParOldGen       total 87552K, used 4748K [0x0000000081600000, 0x0000000086b80000, 0x00000000d5d00000)
  object space 87552K, 5% used [0x0000000081600000,0x0000000081aa30e0,0x0000000086b80000)
 Metaspace       used 4169K, capacity 4768K, committed 4992K, reserved 1056768K
  class space    used 473K, capacity 528K, committed 640K, reserved 1048576K
Event: 2.045 GC heap after
Heap after GC invocations=10 (full 0):
 PSYoungGen      total 431104K, used 4053K [0x00000000d5d00000, 0x00000000f0900000, 0x0000000100000000)
  eden space 423936K, 0% used [0x00000000d5d00000,0x00000000d5d00000,0x00000000efb00000)
  from space 7168K, 56% used [0x00000000f0200000,0x00000000f05f5460,0x00000000f0900000)
  to   space 7168K, 0% used [0x00000000efb00000,0x00000000efb00000,0x00000000f0200000)
 ParOldGen       total 87552K, used 7686K [0x0000000081600000, 0x0000000086b80000, 0x00000000d5d00000)
  object space 87552K, 8% used [0x0000000081600000,0x0000000081d81a50,0x0000000086b80000)
 Metaspace       used 4169K, capacity 4768K, committed 4992K, reserved 1056768K
  class space    used 473K, capacity 528K, committed 640K, reserved 1048576K
}
Event: 2.725 GC heap before
{Heap before GC invocations=11 (full 0):
 PSYoungGen      total 431104K, used 427989K [0x00000000d5d00000, 0x00000000f0900000, 0x0000000100000000)
  eden space 423936K, 100% used [0x00000000d5d00000,0x00000000efb00000,0x00000000efb00000)
  from space 7168K, 56% used [0x00000000f0200000,0x00000000f05f5460,0x00000000f0900000)
  to   space 7168K, 0% used [0x00000000efb00000,0x00000000efb00000,0x00000000f0200000)
 ParOldGen       total 87552K, used 7686K [0x0000000081600000, 0x0000000086b80000, 0x00000000d5d00000)
  object space 87552K, 8% used [0x0000000081600000,0x0000000081d81a50,0x0000000086b80000)
 Metaspace       used 4169K, capacity 4768K, committed 4992K, reserved 1056768K
  class space    used 473K, capacity 528K, committed 640K, reserved 1048576K
Event: 2.801 GC heap after
Heap after GC invocations=11 (full 0):
 PSYoungGen      total 431104K, used 3410K [0x00000000d5d00000, 0x00000000fff00000, 0x0000000100000000)
  eden space 423936K, 0% used [0x00000000d5d00000,0x00000000d5d00000,0x00000000efb00000)
  from space 7168K, 47% used [0x00000000efb00000,0x00000000efe549d0,0x00000000f0200000)
  to   space 6656K, 0% used [0x00000000ff880000,0x00000000ff880000,0x00000000fff00000)
 ParOldGen       total 87552K, used 11430K [0x0000000081600000, 0x0000000086b80000, 0x00000000d5d00000)
  object space 87552K, 13% used [0x0000000081600000,0x0000000082129a50,0x0000000086b80000)
 Metaspace       used 4169K, capacity 4768K, committed 4992K, reserved 1056768K
  class space    used 473K, capacity 528K, committed 640K, reserved 1048576K
}
Event: 3.115 GC heap before
{Heap before GC invocations=12 (full 0):
 PSYoungGen      total 431104K, used 427346K [0x00000000d5d00000, 0x00000000fff00000, 0x0000000100000000)
  eden space 423936K, 100% used [0x00000000d5d00000,0x00000000efb00000,0x00000000efb00000)
  from space 7168K, 47% used [0x00000000efb00000,0x00000000efe549d0,0x00000000f0200000)
  to   space 6656K, 0% used [0x00000000ff880000,0x00000000ff880000,0x00000000fff00000)
 ParOldGen       total 87552K, used 11430K [0x0000000081600000, 0x0000000086b80000, 0x00000000d5d00000)
  object space 87552K, 13% used [0x0000000081600000,0x0000000082129a50,0x0000000086b80000)
 Metaspace       used 4169K, capacity 4768K, committed 4992K, reserved 1056768K
  class space    used 473K, capacity 528K, committed 640K, reserved 1048576K
Event: 3.129 GC heap after
Heap after GC invocations=12 (full 0):
 PSYoungGen      total 683520K, used 3358K [0x00000000d5d00000, 0x00000000fff80000, 0x0000000100000000)
  eden space 676864K, 0% used [0x00000000d5d00000,0x00000000d5d00000,0x00000000ff200000)
  from space 6656K, 50% used [0x00000000ff880000,0x00000000ffbc7b70,0x00000000fff00000)
  to   space 6656K, 0% used [0x00000000ff200000,0x00000000ff200000,0x00000000ff880000)
 ParOldGen       total 87552K, used 14378K [0x0000000081600000, 0x0000000086b80000, 0x00000000d5d00000)
  object space 87552K, 16% used [0x0000000081600000,0x000000008240abc8,0x0000000086b80000)
 Metaspace       used 4169K, capacity 4768K, committed 4992K, reserved 1056768K
  class space    used 473K, capacity 528K, committed 640K, reserved 1048576K
}

Deoptimization events (10 events):
Event: 3.930 Thread 0x000000000214d800 Uncommon trap: reason=unstable_if action=reinterpret pc=0x00000000024e112c method=java.util.HashMap.putVal(ILjava/lang/Object;Ljava/lang/Object;ZZ)Ljava/lang/Object; @ 81
Event: 3.930 Thread 0x000000000214d800 Uncommon trap: reason=unstable_if action=reinterpret pc=0x00000000024cf96c method=java.util.HashMap.putVal(ILjava/lang/Object;Ljava/lang/Object;ZZ)Ljava/lang/Object; @ 81
Event: 3.930 Thread 0x000000000214d800 Uncommon trap: reason=class_check action=maybe_recompile pc=0x00000000024ced68 method=java.util.HashMap.getNode(ILjava/lang/Object;)Ljava/util/HashMap$Node; @ 126
Event: 3.930 Thread 0x000000000214d800 Uncommon trap: reason=class_check action=maybe_recompile pc=0x00000000024e3d44 method=java.util.HashMap.getNode(ILjava/lang/Object;)Ljava/util/HashMap$Node; @ 126
Event: 3.931 Thread 0x000000000214d800 Uncommon trap: reason=class_check action=maybe_recompile pc=0x00000000024ced68 method=java.util.HashMap.getNode(ILjava/lang/Object;)Ljava/util/HashMap$Node; @ 126
Event: 3.931 Thread 0x000000000214d800 Uncommon trap: reason=class_check action=maybe_recompile pc=0x00000000024e3d44 method=java.util.HashMap.getNode(ILjava/lang/Object;)Ljava/util/HashMap$Node; @ 126
Event: 3.931 Thread 0x000000000214d800 Uncommon trap: reason=class_check action=maybe_recompile pc=0x00000000024ced68 method=java.util.HashMap.getNode(ILjava/lang/Object;)Ljava/util/HashMap$Node; @ 126
Event: 5.019 Thread 0x000000000214d800 Uncommon trap: reason=unstable_if action=reinterpret pc=0x00000000025b18a8 method=com.sortable.challenge.logic.ProcessFiles.solveAndPrintToFile(Ljava/lang/String;Ljava/lang/String;)V @ 331
Event: 5.173 Thread 0x000000000214d800 Uncommon trap: reason=unstable_if action=reinterpret pc=0x00000000025bf1ac method=com.sortable.challenge.logic.ProcessFiles.solveAndPrintToFile(Ljava/lang/String;Ljava/lang/String;)V @ 424
Event: 5.390 Thread 0x000000000214d800 Uncommon trap: reason=unstable_if action=reinterpret pc=0x00000000025cc8f8 method=com.sortable.challenge.logic.ProcessFiles.solveAndPrintToFile(Ljava/lang/String;Ljava/lang/String;)V @ 451

Internal exceptions (10 events):
Event: 4.037 Thread 0x000000000214d800 Implicit null exception at 0x0000000002568b46 to 0x0000000002569367
Event: 4.037 Thread 0x000000000214d800 Exception <a 'java/lang/NullPointerException'> (0x00000000d9ce81e0) thrown at [C:\re\workspace\8-2-build-windows-amd64-cygwin\jdk8u45\3457\hotspot\src\share\vm\runtime\sharedRuntime.cpp, line 605]
Event: 4.037 Thread 0x000000000214d800 Implicit null exception at 0x0000000002568b46 to 0x0000000002569367
Event: 4.037 Thread 0x000000000214d800 Exception <a 'java/lang/NullPointerException'> (0x00000000d9ce8428) thrown at [C:\re\workspace\8-2-build-windows-amd64-cygwin\jdk8u45\3457\hotspot\src\share\vm\runtime\sharedRuntime.cpp, line 605]
Event: 4.037 Thread 0x000000000214d800 Implicit null exception at 0x0000000002568b46 to 0x0000000002569367
Event: 4.037 Thread 0x000000000214d800 Exception <a 'java/lang/NullPointerException'> (0x00000000d9ce87d0) thrown at [C:\re\workspace\8-2-build-windows-amd64-cygwin\jdk8u45\3457\hotspot\src\share\vm\runtime\sharedRuntime.cpp, line 605]
Event: 4.037 Thread 0x000000000214d800 Implicit null exception at 0x0000000002568b46 to 0x0000000002569367
Event: 4.037 Thread 0x000000000214d800 Exception <a 'java/lang/NullPointerException'> (0x00000000d9ce8c28) thrown at [C:\re\workspace\8-2-build-windows-amd64-cygwin\jdk8u45\3457\hotspot\src\share\vm\runtime\sharedRuntime.cpp, line 605]
Event: 4.037 Thread 0x000000000214d800 Implicit null exception at 0x0000000002568b46 to 0x0000000002569367
Event: 4.037 Thread 0x000000000214d800 Exception <a 'java/lang/NullPointerException'> (0x00000000d9ce8e70) thrown at [C:\re\workspace\8-2-build-windows-amd64-cygwin\jdk8u45\3457\hotspot\src\share\vm\runtime\sharedRuntime.cpp, line 605]

Events (10 events):
Event: 10.153 loading class com/google/gson/internal/bind/DateTypeAdapter$1 done
Event: 10.153 loading class com/google/gson/internal/bind/TimeTypeAdapter
Event: 10.153 loading class com/google/gson/internal/bind/TimeTypeAdapter done
Event: 10.153 loading class java/text/DateFormat
Event: 10.263 loading class java/text/Format
Event: 10.308 loading class java/text/Format done
Event: 10.308 loading class java/text/DateFormat done
Event: 10.308 loading class java/text/SimpleDateFormat
Event: 10.374 loading class java/text/SimpleDateFormat done
Event: 10.374 loading class java/sql/Time


Dynamic libraries:
0x00007ff71e250000 - 0x00007ff71e287000 	C:\Program Files\Java\jre1.8.0_45\bin\javaw.exe
0x00007ffeaa8a0000 - 0x00007ffeaaa61000 	C:\WINDOWS\SYSTEM32\ntdll.dll
0x00007ffeaa260000 - 0x00007ffeaa30d000 	C:\WINDOWS\system32\KERNEL32.DLL
0x00007ffea6fa0000 - 0x00007ffea7188000 	C:\WINDOWS\system32\KERNELBASE.dll
0x00007ffea7e00000 - 0x00007ffea7ea7000 	C:\WINDOWS\system32\ADVAPI32.dll
0x00007ffea7d00000 - 0x00007ffea7d9d000 	C:\WINDOWS\system32\msvcrt.dll
0x00007ffeaa5e0000 - 0x00007ffeaa63b000 	C:\WINDOWS\system32\sechost.dll
0x00007ffea8bd0000 - 0x00007ffea8cec000 	C:\WINDOWS\system32\RPCRT4.dll
0x00007ffea7ef0000 - 0x00007ffea8046000 	C:\WINDOWS\system32\USER32.dll
0x00007ffea87c0000 - 0x00007ffea8946000 	C:\WINDOWS\system32\GDI32.dll
0x00007ffe9a860000 - 0x00007ffe9aad4000 	C:\WINDOWS\WinSxS\amd64_microsoft.windows.common-controls_6595b64144ccf1df_6.0.10586.0_none_8c15ae12515e1c22\COMCTL32.dll
0x00007ffea8950000 - 0x00007ffea8bcd000 	C:\WINDOWS\system32\combase.dll
0x00007ffea7410000 - 0x00007ffea747a000 	C:\WINDOWS\system32\bcryptPrimitives.dll
0x00007ffea7eb0000 - 0x00007ffea7eeb000 	C:\WINDOWS\system32\IMM32.DLL
0x0000000063810000 - 0x00000000638e2000 	C:\Program Files\Java\jre1.8.0_45\bin\msvcr100.dll
0x00000000624b0000 - 0x0000000062d33000 	C:\Program Files\Java\jre1.8.0_45\bin\server\jvm.dll
0x00007ffeaa5c0000 - 0x00007ffeaa5c8000 	C:\WINDOWS\system32\PSAPI.DLL
0x00007ffea1c00000 - 0x00007ffea1c09000 	C:\WINDOWS\SYSTEM32\WSOCK32.dll
0x00007ffea4f10000 - 0x00007ffea4f33000 	C:\WINDOWS\SYSTEM32\WINMM.dll
0x00007ffe9a850000 - 0x00007ffe9a85a000 	C:\WINDOWS\SYSTEM32\VERSION.dll
0x00007ffea86f0000 - 0x00007ffea875b000 	C:\WINDOWS\system32\WS2_32.dll
0x0000000000820000 - 0x000000000084c000 	C:\WINDOWS\SYSTEM32\WINMMBASE.dll
0x00007ffea6f50000 - 0x00007ffea6f93000 	C:\WINDOWS\system32\cfgmgr32.dll
0x0000000063fa0000 - 0x0000000063faf000 	C:\Program Files\Java\jre1.8.0_45\bin\verify.dll
0x0000000063530000 - 0x0000000063559000 	C:\Program Files\Java\jre1.8.0_45\bin\java.dll
0x0000000063510000 - 0x0000000063526000 	C:\Program Files\Java\jre1.8.0_45\bin\zip.dll
0x00007ffea8cf0000 - 0x00007ffeaa24f000 	C:\WINDOWS\system32\SHELL32.dll
0x00007ffea7480000 - 0x00007ffea7ac4000 	C:\WINDOWS\system32\windows.storage.dll
0x00007ffea7ca0000 - 0x00007ffea7cf2000 	C:\WINDOWS\system32\shlwapi.dll
0x00007ffea6ee0000 - 0x00007ffea6eef000 	C:\WINDOWS\system32\kernel.appcore.dll
0x00007ffea7350000 - 0x00007ffea7405000 	C:\WINDOWS\system32\shcore.dll
0x00007ffea6f00000 - 0x00007ffea6f4b000 	C:\WINDOWS\system32\powrprof.dll
0x00007ffea6ec0000 - 0x00007ffea6ed4000 	C:\WINDOWS\system32\profapi.dll
0x00007ffe8a3f0000 - 0x00007ffe8a57c000 	C:\WINDOWS\SYSTEM32\dbghelp.dll

VM Arguments:
jvm_args: -Dfile.encoding=Cp1252 
java_command: com.sortable.challenge.main.Main solve C:\\Users\\Mayank\\Desktop\\files\\listings.txt C:\\Users\\Mayank\\Desktop\\files\\products.txt
java_class_path (initial): C:\Users\Mayank\workspace\Matching\target\test-classes;C:\Users\Mayank\workspace\Matching\target\classes;C:\Users\Mayank\.m2\repository\com\google\code\gson\gson\2.5\gson-2.5.jar;C:\Users\Mayank\.m2\repository\com\googlecode\json-simple\json-simple\1.1\json-simple-1.1.jar;C:\Users\Mayank\.m2\repository\junit\junit\4.10\junit-4.10.jar;C:\Users\Mayank\.m2\repository\org\hamcrest\hamcrest-core\1.1\hamcrest-core-1.1.jar
Launcher Type: SUN_STANDARD

Environment Variables:
JAVA_HOME=C:\Program Files\Java\jdk1.8.0_25
PATH=C:/Program Files/Java/jre1.8.0_45/bin/server;C:/Program Files/Java/jre1.8.0_45/bin;C:/Program Files/Java/jre1.8.0_45/lib/amd64;C:\app\Mayank\product\11.2.0\dbhome1\bin;C:\ProgramData\Oracle\Java\javapath;C:\Program Files (x86)\NVIDIA Corporation\PhysX\Common;C:\Program Files (x86)\Intel\iCLS Client\;C:\Program Files\Intel\iCLS Client\;C:\windows\system32;C:\windows;C:\windows\System32\Wbem;C:\windows\System32\WindowsPowerShell\v1.0\;C:\Program Files\Intel\Intel(R) Management Engine Components\DAL;C:\Program Files\Intel\Intel(R) Management Engine Components\IPT;C:\Program Files (x86)\Intel\Intel(R) Management Engine Components\DAL;C:\Program Files (x86)\Intel\Intel(R) Management Engine Components\IPT;C:\Program Files\Intel\WiFi\bin\;C:\Program Files\Common Files\Intel\WirelessCommon\;C:\Program Files\nodejs\;C:\Program Files\Java\jdk1.8.0_25\bin;C:\apache-maven-3.1.1\bin;c:\MoSync\bin;C:\Users\Mayank\AppData\Roaming\npm;C:\adb;C:\Program Files (x86)\Git\cmd;C:\Program Files (x86)\Git\bin;C:\Python27;C:\Program Files\MongoDB\Server\3.0\bin;C:\Program Files (x86)\Skype\Phone\;%SystemRoot%\system32;%SystemRoot%;%SystemRoot%\System32\Wbem;%SYSTEMROOT%\System32\WindowsPowerShell\v1.0\;C:\Users\Mayank\AppData\Roaming\npm;C:\eclipse;
USERNAME=Mayank
OS=Windows_NT
PROCESSOR_IDENTIFIER=Intel64 Family 6 Model 69 Stepping 1, GenuineIntel



---------------  S Y S T E M  ---------------

OS: Windows 10.0 , 64 bit Build 10586 (10.0.10586.0)

CPU:total 4 (2 cores per cpu, 2 threads per core) family 6 model 69 stepping 1, cmov, cx8, fxsr, mmx, sse, sse2, sse3, ssse3, sse4.1, sse4.2, popcnt, avx, avx2, aes, clmul, erms, lzcnt, ht, tsc, tscinvbit, bmi1, bmi2

Memory: 4k page, physical 8294340k(947396k free), swap 33460164k(556k free)

vm_info: Java HotSpot(TM) 64-Bit Server VM (25.45-b02) for windows-amd64 JRE (1.8.0_45-b14), built on Apr 10 2015 10:34:15 by "java_re" with MS VC++ 10.0 (VS2010)

time: Fri Jan 29 00:35:34 2016
elapsed time: 12 seconds (0d 0h 0m 12s)

